{"/home/go-groups/workspace/microverse/module 2/To-Do-list/src/local-storage-mock.js": {"path":"/home/go-groups/workspace/microverse/module 2/To-Do-list/src/local-storage-mock.js","statementMap":{"0":{"start":{"line":3,"column":4},"end":{"line":3,"column":20}},"1":{"start":{"line":7,"column":4},"end":{"line":7,"column":35}},"2":{"start":{"line":11,"column":4},"end":{"line":11,"column":39}},"3":{"start":{"line":15,"column":4},"end":{"line":15,"column":27}},"4":{"start":{"line":19,"column":4},"end":{"line":19,"column":20}}},"fnMap":{"0":{"name":"(anonymous_0)","decl":{"start":{"line":2,"column":2},"end":{"line":2,"column":3}},"loc":{"start":{"line":2,"column":16},"end":{"line":4,"column":3}},"line":2},"1":{"name":"(anonymous_1)","decl":{"start":{"line":6,"column":2},"end":{"line":6,"column":3}},"loc":{"start":{"line":6,"column":15},"end":{"line":8,"column":3}},"line":6},"2":{"name":"(anonymous_2)","decl":{"start":{"line":10,"column":2},"end":{"line":10,"column":3}},"loc":{"start":{"line":10,"column":22},"end":{"line":12,"column":3}},"line":10},"3":{"name":"(anonymous_3)","decl":{"start":{"line":14,"column":2},"end":{"line":14,"column":3}},"loc":{"start":{"line":14,"column":18},"end":{"line":16,"column":3}},"line":14},"4":{"name":"(anonymous_4)","decl":{"start":{"line":18,"column":2},"end":{"line":18,"column":3}},"loc":{"start":{"line":18,"column":10},"end":{"line":20,"column":3}},"line":18}},"branchMap":{"0":{"loc":{"start":{"line":7,"column":11},"end":{"line":7,"column":34}},"type":"binary-expr","locations":[{"start":{"line":7,"column":11},"end":{"line":7,"column":26}},{"start":{"line":7,"column":30},"end":{"line":7,"column":34}}],"line":7}},"s":{"0":1,"1":0,"2":8,"3":0,"4":0},"f":{"0":1,"1":0,"2":8,"3":0,"4":0},"b":{"0":[0,0]},"_coverageSchema":"1a1c01bbd47fc00a2c39e90264f33305004495a9","hash":"099d9d5b711db063a1e8f525a3d7d38bab0be398"}
,"/home/go-groups/workspace/microverse/module 2/To-Do-list/src/todo.js": {"path":"/home/go-groups/workspace/microverse/module 2/To-Do-list/src/todo.js","statementMap":{"0":{"start":{"line":2,"column":10},"end":{"line":2,"column":12}},"1":{"start":{"line":4,"column":12},"end":{"line":9,"column":3}},"2":{"start":{"line":5,"column":18},"end":{"line":5,"column":39}},"3":{"start":{"line":6,"column":22},"end":{"line":6,"column":27}},"4":{"start":{"line":7,"column":4},"end":{"line":7,"column":55}},"5":{"start":{"line":8,"column":4},"end":{"line":8,"column":62}},"6":{"start":{"line":11,"column":16},"end":{"line":17,"column":3}},"7":{"start":{"line":12,"column":12},"end":{"line":12,"column":13}},"8":{"start":{"line":13,"column":4},"end":{"line":16,"column":7}},"9":{"start":{"line":14,"column":6},"end":{"line":14,"column":13}},"10":{"start":{"line":15,"column":6},"end":{"line":15,"column":21}},"11":{"start":{"line":19,"column":15},"end":{"line":25,"column":3}},"12":{"start":{"line":20,"column":4},"end":{"line":22,"column":7}},"13":{"start":{"line":21,"column":6},"end":{"line":21,"column":34}},"14":{"start":{"line":23,"column":4},"end":{"line":23,"column":23}},"15":{"start":{"line":24,"column":4},"end":{"line":24,"column":62}},"16":{"start":{"line":27,"column":16},"end":{"line":32,"column":3}},"17":{"start":{"line":28,"column":4},"end":{"line":30,"column":5}},"18":{"start":{"line":29,"column":6},"end":{"line":29,"column":61}},"19":{"start":{"line":31,"column":4},"end":{"line":31,"column":22}},"20":{"start":{"line":34,"column":13},"end":{"line":40,"column":3}},"21":{"start":{"line":35,"column":17},"end":{"line":37,"column":6}},"22":{"start":{"line":36,"column":6},"end":{"line":36,"column":34}},"23":{"start":{"line":38,"column":4},"end":{"line":38,"column":35}},"24":{"start":{"line":39,"column":4},"end":{"line":39,"column":62}},"25":{"start":{"line":42,"column":22},"end":{"line":48,"column":3}},"26":{"start":{"line":43,"column":24},"end":{"line":45,"column":6}},"27":{"start":{"line":44,"column":6},"end":{"line":44,"column":29}},"28":{"start":{"line":46,"column":4},"end":{"line":46,"column":23}},"29":{"start":{"line":47,"column":4},"end":{"line":47,"column":63}},"30":{"start":{"line":50,"column":16},"end":{"line":58,"column":3}},"31":{"start":{"line":51,"column":17},"end":{"line":51,"column":72}},"32":{"start":{"line":51,"column":43},"end":{"line":51,"column":71}},"33":{"start":{"line":52,"column":4},"end":{"line":56,"column":5}},"34":{"start":{"line":53,"column":6},"end":{"line":53,"column":29}},"35":{"start":{"line":55,"column":6},"end":{"line":55,"column":28}},"36":{"start":{"line":57,"column":4},"end":{"line":57,"column":62}}},"fnMap":{"0":{"name":"(anonymous_0)","decl":{"start":{"line":4,"column":12},"end":{"line":4,"column":13}},"loc":{"start":{"line":4,"column":29},"end":{"line":9,"column":3}},"line":4},"1":{"name":"(anonymous_1)","decl":{"start":{"line":11,"column":16},"end":{"line":11,"column":17}},"loc":{"start":{"line":11,"column":22},"end":{"line":17,"column":3}},"line":11},"2":{"name":"(anonymous_2)","decl":{"start":{"line":13,"column":23},"end":{"line":13,"column":24}},"loc":{"start":{"line":13,"column":33},"end":{"line":16,"column":5}},"line":13},"3":{"name":"(anonymous_3)","decl":{"start":{"line":19,"column":15},"end":{"line":19,"column":16}},"loc":{"start":{"line":19,"column":26},"end":{"line":25,"column":3}},"line":19},"4":{"name":"(anonymous_4)","decl":{"start":{"line":20,"column":35},"end":{"line":20,"column":36}},"loc":{"start":{"line":21,"column":6},"end":{"line":21,"column":34}},"line":21},"5":{"name":"(anonymous_5)","decl":{"start":{"line":27,"column":16},"end":{"line":27,"column":17}},"loc":{"start":{"line":27,"column":22},"end":{"line":32,"column":3}},"line":27},"6":{"name":"(anonymous_6)","decl":{"start":{"line":34,"column":13},"end":{"line":34,"column":14}},"loc":{"start":{"line":34,"column":37},"end":{"line":40,"column":3}},"line":34},"7":{"name":"(anonymous_7)","decl":{"start":{"line":35,"column":33},"end":{"line":35,"column":34}},"loc":{"start":{"line":36,"column":6},"end":{"line":36,"column":34}},"line":36},"8":{"name":"(anonymous_8)","decl":{"start":{"line":42,"column":22},"end":{"line":42,"column":23}},"loc":{"start":{"line":42,"column":28},"end":{"line":48,"column":3}},"line":42},"9":{"name":"(anonymous_9)","decl":{"start":{"line":43,"column":42},"end":{"line":43,"column":43}},"loc":{"start":{"line":44,"column":6},"end":{"line":44,"column":29}},"line":44},"10":{"name":"(anonymous_10)","decl":{"start":{"line":50,"column":16},"end":{"line":50,"column":17}},"loc":{"start":{"line":50,"column":27},"end":{"line":58,"column":3}},"line":50},"11":{"name":"(anonymous_11)","decl":{"start":{"line":51,"column":33},"end":{"line":51,"column":34}},"loc":{"start":{"line":51,"column":43},"end":{"line":51,"column":71}},"line":51}},"branchMap":{"0":{"loc":{"start":{"line":28,"column":4},"end":{"line":30,"column":5}},"type":"if","locations":[{"start":{"line":28,"column":4},"end":{"line":30,"column":5}},{"start":{},"end":{}}],"line":28},"1":{"loc":{"start":{"line":52,"column":4},"end":{"line":56,"column":5}},"type":"if","locations":[{"start":{"line":52,"column":4},"end":{"line":56,"column":5}},{"start":{"line":54,"column":11},"end":{"line":56,"column":5}}],"line":52}},"s":{"0":1,"1":1,"2":3,"3":3,"4":3,"5":3,"6":1,"7":2,"8":2,"9":4,"10":4,"11":1,"12":1,"13":3,"14":1,"15":1,"16":1,"17":0,"18":0,"19":0,"20":1,"21":1,"22":1,"23":1,"24":1,"25":1,"26":1,"27":2,"28":1,"29":1,"30":1,"31":2,"32":2,"33":2,"34":1,"35":1,"36":2},"f":{"0":3,"1":2,"2":4,"3":1,"4":3,"5":0,"6":1,"7":1,"8":1,"9":2,"10":2,"11":2},"b":{"0":[0,0],"1":[1,1]},"_coverageSchema":"1a1c01bbd47fc00a2c39e90264f33305004495a9","hash":"9b2b36b17eb060f79efb068a6fe2e3877cb6862c"}
}
