TN:
SF:src/local-storage-mock.js
FN:2,(anonymous_0)
FN:6,(anonymous_1)
FN:10,(anonymous_2)
FN:14,(anonymous_3)
FN:18,(anonymous_4)
FNF:5
FNH:2
FNDA:1,(anonymous_0)
FNDA:0,(anonymous_1)
FNDA:8,(anonymous_2)
FNDA:0,(anonymous_3)
FNDA:0,(anonymous_4)
DA:3,1
DA:7,0
DA:11,8
DA:15,0
DA:19,0
LF:5
LH:2
BRDA:7,0,0,0
BRDA:7,0,1,0
BRF:2
BRH:0
end_of_record
TN:
SF:src/todo.js
FN:4,(anonymous_0)
FN:11,(anonymous_1)
FN:13,(anonymous_2)
FN:19,(anonymous_3)
FN:20,(anonymous_4)
FN:27,(anonymous_5)
FN:34,(anonymous_6)
FN:35,(anonymous_7)
FN:42,(anonymous_8)
FN:43,(anonymous_9)
FN:50,(anonymous_10)
FN:51,(anonymous_11)
FNF:12
FNH:11
FNDA:3,(anonymous_0)
FNDA:2,(anonymous_1)
FNDA:4,(anonymous_2)
FNDA:1,(anonymous_3)
FNDA:3,(anonymous_4)
FNDA:0,(anonymous_5)
FNDA:1,(anonymous_6)
FNDA:1,(anonymous_7)
FNDA:1,(anonymous_8)
FNDA:2,(anonymous_9)
FNDA:2,(anonymous_10)
FNDA:2,(anonymous_11)
DA:2,1
DA:4,1
DA:5,3
DA:6,3
DA:7,3
DA:8,3
DA:11,1
DA:12,2
DA:13,2
DA:14,4
DA:15,4
DA:19,1
DA:20,1
DA:21,3
DA:23,1
DA:24,1
DA:27,1
DA:28,0
DA:29,0
DA:31,0
DA:34,1
DA:35,1
DA:36,1
DA:38,1
DA:39,1
DA:42,1
DA:43,1
DA:44,2
DA:46,1
DA:47,1
DA:50,1
DA:51,2
DA:52,2
DA:53,1
DA:55,1
DA:57,2
LF:36
LH:33
BRDA:28,0,0,0
BRDA:28,0,1,0
BRDA:52,1,0,1
BRDA:52,1,1,1
BRF:4
BRH:2
end_of_record
